  [1m[36m (86.8ms)[0m  [1mCREATE TABLE "schema_migrations" ("version" varchar(255) NOT NULL) [0m
  [1m[35m (85.7ms)[0m  CREATE UNIQUE INDEX "unique_schema_migrations" ON "schema_migrations" ("version")
  [1m[36mActiveRecord::SchemaMigration Load (0.2ms)[0m  [1mSELECT "schema_migrations".* FROM "schema_migrations"[0m
Migrating to CreateProducts (20141212121918)
  [1m[35m (0.1ms)[0m  begin transaction
  [1m[36m (0.5ms)[0m  [1mCREATE TABLE "products" ("id" INTEGER PRIMARY KEY AUTOINCREMENT NOT NULL, "title" varchar(255), "description" text, "image_url" varchar(255), "price" decimal(8,2), "created_at" datetime, "updated_at" datetime) [0m
  [1m[35mSQL (0.1ms)[0m  INSERT INTO "schema_migrations" ("version") VALUES (?)  [["version", "20141212121918"]]
  [1m[36m (83.1ms)[0m  [1mcommit transaction[0m
  [1m[35mActiveRecord::SchemaMigration Load (0.1ms)[0m  SELECT "schema_migrations".* FROM "schema_migrations"


Started GET "/products" for 127.0.0.1 at 2014-12-12 22:53:07 +1030
  [1m[36mActiveRecord::SchemaMigration Load (0.1ms)[0m  [1mSELECT "schema_migrations".* FROM "schema_migrations"[0m

SyntaxError (/home/alexander/projects/rails/depot/app/controllers/products_controller.rb:72: syntax error, unexpected ':', expecting ')'
...rams.require(:product).permit(: title, :description, :image_...
...                               ^
/home/alexander/projects/rails/depot/app/controllers/products_controller.rb:72: syntax error, unexpected ',', expecting :: or '[' or '.'
...).permit(: title, :description, :image_url, :price)
...                               ^):
  activesupport (4.0.0) lib/active_support/dependencies.rb:423:in `load'
  activesupport (4.0.0) lib/active_support/dependencies.rb:423:in `block in load_file'
  activesupport (4.0.0) lib/active_support/dependencies.rb:615:in `new_constants_in'
  activesupport (4.0.0) lib/active_support/dependencies.rb:422:in `load_file'
  activesupport (4.0.0) lib/active_support/dependencies.rb:323:in `require_or_load'
  activesupport (4.0.0) lib/active_support/dependencies.rb:462:in `load_missing_constant'
  activesupport (4.0.0) lib/active_support/dependencies.rb:183:in `const_missing'
  activesupport (4.0.0) lib/active_support/inflector/methods.rb:226:in `const_get'
  activesupport (4.0.0) lib/active_support/inflector/methods.rb:226:in `block in constantize'
  activesupport (4.0.0) lib/active_support/inflector/methods.rb:224:in `each'
  activesupport (4.0.0) lib/active_support/inflector/methods.rb:224:in `inject'
  activesupport (4.0.0) lib/active_support/inflector/methods.rb:224:in `constantize'
  activesupport (4.0.0) lib/active_support/dependencies.rb:534:in `get'
  activesupport (4.0.0) lib/active_support/dependencies.rb:565:in `constantize'
  actionpack (4.0.0) lib/action_dispatch/routing/route_set.rb:76:in `controller_reference'
  actionpack (4.0.0) lib/action_dispatch/routing/route_set.rb:66:in `controller'
  actionpack (4.0.0) lib/action_dispatch/routing/route_set.rb:44:in `call'
  actionpack (4.0.0) lib/action_dispatch/journey/router.rb:71:in `block in call'
  actionpack (4.0.0) lib/action_dispatch/journey/router.rb:59:in `each'
  actionpack (4.0.0) lib/action_dispatch/journey/router.rb:59:in `call'
  actionpack (4.0.0) lib/action_dispatch/routing/route_set.rb:655:in `call'
  rack (1.5.2) lib/rack/etag.rb:23:in `call'
  rack (1.5.2) lib/rack/conditionalget.rb:25:in `call'
  rack (1.5.2) lib/rack/head.rb:11:in `call'
  actionpack (4.0.0) lib/action_dispatch/middleware/params_parser.rb:27:in `call'
  actionpack (4.0.0) lib/action_dispatch/middleware/flash.rb:241:in `call'
  rack (1.5.2) lib/rack/session/abstract/id.rb:225:in `context'
  rack (1.5.2) lib/rack/session/abstract/id.rb:220:in `call'
  actionpack (4.0.0) lib/action_dispatch/middleware/cookies.rb:486:in `call'
  activerecord (4.0.0) lib/active_record/query_cache.rb:36:in `call'
  activerecord (4.0.0) lib/active_record/connection_adapters/abstract/connection_pool.rb:626:in `call'
  activerecord (4.0.0) lib/active_record/migration.rb:369:in `call'
  actionpack (4.0.0) lib/action_dispatch/middleware/callbacks.rb:29:in `block in call'
  activesupport (4.0.0) lib/active_support/callbacks.rb:373:in `_run__1417078454876715033__call__callbacks'
  activesupport (4.0.0) lib/active_support/callbacks.rb:80:in `run_callbacks'
  actionpack (4.0.0) lib/action_dispatch/middleware/callbacks.rb:27:in `call'
  actionpack (4.0.0) lib/action_dispatch/middleware/reloader.rb:64:in `call'
  actionpack (4.0.0) lib/action_dispatch/middleware/remote_ip.rb:76:in `call'
  actionpack (4.0.0) lib/action_dispatch/middleware/debug_exceptions.rb:17:in `call'
  actionpack (4.0.0) lib/action_dispatch/middleware/show_exceptions.rb:30:in `call'
  railties (4.0.0) lib/rails/rack/logger.rb:38:in `call_app'
  railties (4.0.0) lib/rails/rack/logger.rb:21:in `block in call'
  activesupport (4.0.0) lib/active_support/tagged_logging.rb:67:in `block in tagged'
  activesupport (4.0.0) lib/active_support/tagged_logging.rb:25:in `tagged'
  activesupport (4.0.0) lib/active_support/tagged_logging.rb:67:in `tagged'
  railties (4.0.0) lib/rails/rack/logger.rb:21:in `call'
  actionpack (4.0.0) lib/action_dispatch/middleware/request_id.rb:21:in `call'
  rack (1.5.2) lib/rack/methodoverride.rb:21:in `call'
  rack (1.5.2) lib/rack/runtime.rb:17:in `call'
  activesupport (4.0.0) lib/active_support/cache/strategy/local_cache.rb:83:in `call'
  rack (1.5.2) lib/rack/lock.rb:17:in `call'
  actionpack (4.0.0) lib/action_dispatch/middleware/static.rb:64:in `call'
  railties (4.0.0) lib/rails/engine.rb:511:in `call'
  railties (4.0.0) lib/rails/application.rb:97:in `call'
  rack (1.5.2) lib/rack/lock.rb:17:in `call'
  rack (1.5.2) lib/rack/content_length.rb:14:in `call'
  rack (1.5.2) lib/rack/handler/webrick.rb:60:in `service'
  /home/alexander/.rvm/rubies/ruby-2.0.0-p598/lib/ruby/2.0.0/webrick/httpserver.rb:138:in `service'
  /home/alexander/.rvm/rubies/ruby-2.0.0-p598/lib/ruby/2.0.0/webrick/httpserver.rb:94:in `run'
  /home/alexander/.rvm/rubies/ruby-2.0.0-p598/lib/ruby/2.0.0/webrick/server.rb:295:in `block in start_thread'


  Rendered /home/alexander/.rvm/gems/ruby-2.0.0-p598/gems/actionpack-4.0.0/lib/action_dispatch/middleware/templates/rescues/_source.erb (0.3ms)
  Rendered /home/alexander/.rvm/gems/ruby-2.0.0-p598/gems/actionpack-4.0.0/lib/action_dispatch/middleware/templates/rescues/_trace.erb (0.6ms)
  Rendered /home/alexander/.rvm/gems/ruby-2.0.0-p598/gems/actionpack-4.0.0/lib/action_dispatch/middleware/templates/rescues/_request_and_response.erb (5.9ms)
  Rendered /home/alexander/.rvm/gems/ruby-2.0.0-p598/gems/actionpack-4.0.0/lib/action_dispatch/middleware/templates/rescues/diagnostics.erb within rescues/layout (13.5ms)


Started GET "/products" for 127.0.0.1 at 2014-12-12 22:58:05 +1030
Processing by ProductsController#index as HTML
  [1m[35mProduct Load (0.2ms)[0m  SELECT "products".* FROM "products"
  Rendered products/index.html.erb within layouts/application (1.1ms)
Completed 200 OK in 569ms (Views: 567.4ms | ActiveRecord: 0.2ms)


Started GET "/assets/application.css?body=1" for 127.0.0.1 at 2014-12-12 22:58:06 +1030


Started GET "/assets/products.css?body=1" for 127.0.0.1 at 2014-12-12 22:58:06 +1030


Started GET "/assets/scaffolds.css?body=1" for 127.0.0.1 at 2014-12-12 22:58:06 +1030


Started GET "/assets/jquery_ujs.js?body=1" for 127.0.0.1 at 2014-12-12 22:58:06 +1030


Started GET "/assets/jquery.js?body=1" for 127.0.0.1 at 2014-12-12 22:58:06 +1030


Started GET "/assets/turbolinks.js?body=1" for 127.0.0.1 at 2014-12-12 22:58:06 +1030


Started GET "/assets/products.js?body=1" for 127.0.0.1 at 2014-12-12 22:58:06 +1030


Started GET "/assets/application.js?body=1" for 127.0.0.1 at 2014-12-12 22:58:06 +1030


Started GET "/products" for 127.0.0.1 at 2014-12-12 23:00:32 +1030
Processing by ProductsController#index as HTML
  [1m[36mProduct Load (0.2ms)[0m  [1mSELECT "products".* FROM "products"[0m
  Rendered products/index.html.erb within layouts/application (1.3ms)
Completed 200 OK in 17ms (Views: 16.7ms | ActiveRecord: 0.2ms)


Started GET "/assets/application.css?body=1" for 127.0.0.1 at 2014-12-12 23:00:32 +1030


Started GET "/assets/products.css?body=1" for 127.0.0.1 at 2014-12-12 23:00:32 +1030


Started GET "/assets/scaffolds.css?body=1" for 127.0.0.1 at 2014-12-12 23:00:32 +1030


Started GET "/assets/jquery_ujs.js?body=1" for 127.0.0.1 at 2014-12-12 23:00:32 +1030


Started GET "/assets/turbolinks.js?body=1" for 127.0.0.1 at 2014-12-12 23:00:32 +1030


Started GET "/assets/jquery.js?body=1" for 127.0.0.1 at 2014-12-12 23:00:32 +1030


Started GET "/assets/products.js?body=1" for 127.0.0.1 at 2014-12-12 23:00:32 +1030


Started GET "/assets/application.js?body=1" for 127.0.0.1 at 2014-12-12 23:00:32 +1030
  [1m[36mActiveRecord::SchemaMigration Load (0.1ms)[0m  [1mSELECT "schema_migrations".* FROM "schema_migrations"[0m


Started GET "/products" for 127.0.0.1 at 2014-12-12 23:01:02 +1030
Processing by ProductsController#index as HTML
  [1m[35mProduct Load (0.2ms)[0m  SELECT "products".* FROM "products"
  Rendered products/index.html.erb within layouts/application (1.1ms)
Completed 200 OK in 6ms (Views: 5.0ms | ActiveRecord: 0.2ms)


Started GET "/assets/products.css?body=1" for 127.0.0.1 at 2014-12-12 23:01:02 +1030


Started GET "/assets/application.css?body=1" for 127.0.0.1 at 2014-12-12 23:01:02 +1030


Started GET "/assets/jquery_ujs.js?body=1" for 127.0.0.1 at 2014-12-12 23:01:02 +1030


Started GET "/assets/scaffolds.css?body=1" for 127.0.0.1 at 2014-12-12 23:01:02 +1030


Started GET "/assets/jquery.js?body=1" for 127.0.0.1 at 2014-12-12 23:01:02 +1030


Started GET "/assets/turbolinks.js?body=1" for 127.0.0.1 at 2014-12-12 23:01:02 +1030


Started GET "/assets/application.js?body=1" for 127.0.0.1 at 2014-12-12 23:01:02 +1030


Started GET "/assets/products.js?body=1" for 127.0.0.1 at 2014-12-12 23:01:02 +1030


Started GET "/products" for 127.0.0.1 at 2014-12-12 23:01:04 +1030
Processing by ProductsController#index as HTML
  [1m[36mProduct Load (0.2ms)[0m  [1mSELECT "products".* FROM "products"[0m
  Rendered products/index.html.erb within layouts/application (0.8ms)
Completed 200 OK in 6ms (Views: 5.1ms | ActiveRecord: 0.2ms)


Started GET "/assets/application.css?body=1" for 127.0.0.1 at 2014-12-12 23:01:04 +1030


Started GET "/assets/turbolinks.js?body=1" for 127.0.0.1 at 2014-12-12 23:01:04 +1030


Started GET "/assets/jquery.js?body=1" for 127.0.0.1 at 2014-12-12 23:01:04 +1030


Started GET "/assets/jquery_ujs.js?body=1" for 127.0.0.1 at 2014-12-12 23:01:04 +1030


Started GET "/assets/products.css?body=1" for 127.0.0.1 at 2014-12-12 23:01:04 +1030


Started GET "/assets/scaffolds.css?body=1" for 127.0.0.1 at 2014-12-12 23:01:04 +1030


Started GET "/assets/products.js?body=1" for 127.0.0.1 at 2014-12-12 23:01:04 +1030


Started GET "/assets/application.js?body=1" for 127.0.0.1 at 2014-12-12 23:01:04 +1030


Started GET "/products" for 127.0.0.1 at 2014-12-12 23:01:05 +1030
Processing by ProductsController#index as HTML
  [1m[35mProduct Load (0.1ms)[0m  SELECT "products".* FROM "products"
  Rendered products/index.html.erb within layouts/application (0.5ms)
Completed 200 OK in 4ms (Views: 3.3ms | ActiveRecord: 0.1ms)


Started GET "/assets/products.css?body=1" for 127.0.0.1 at 2014-12-12 23:01:05 +1030


Started GET "/assets/application.css?body=1" for 127.0.0.1 at 2014-12-12 23:01:05 +1030


Started GET "/assets/scaffolds.css?body=1" for 127.0.0.1 at 2014-12-12 23:01:05 +1030


Started GET "/assets/turbolinks.js?body=1" for 127.0.0.1 at 2014-12-12 23:01:05 +1030


Started GET "/assets/jquery_ujs.js?body=1" for 127.0.0.1 at 2014-12-12 23:01:05 +1030


Started GET "/assets/jquery.js?body=1" for 127.0.0.1 at 2014-12-12 23:01:05 +1030


Started GET "/assets/products.js?body=1" for 127.0.0.1 at 2014-12-12 23:01:05 +1030


Started GET "/assets/application.js?body=1" for 127.0.0.1 at 2014-12-12 23:01:05 +1030
  [1m[36mActiveRecord::SchemaMigration Load (0.1ms)[0m  [1mSELECT "schema_migrations".* FROM "schema_migrations"[0m
  [1m[35mSQL (100.1ms)[0m  DELETE FROM "products"
  [1m[36m (0.1ms)[0m  [1mbegin transaction[0m
  [1m[35mSQL (3.1ms)[0m  INSERT INTO "products" ("created_at", "description", "image_url", "price", "title", "updated_at") VALUES (?, ?, ?, ?, ?, ?)  [["created_at", Fri, 12 Dec 2014 12:32:06 UTC +00:00], ["description", "<p>\n        CoffeeScript is JavaScript done right. It provides all of JavaScript's\n\tfunctionality wrapped in a cleaner, more succinct syntax. In the first\n\tbook on this exciting new language, CoffeeScript guru Trevor Burnham\n\tshows you how to hold onto all the power and flexibility of JavaScript\n\twhile writing clearer, cleaner, and safer code.\n      </p>"], ["image_url", "cs.jpg"], ["price", #<BigDecimal:45c0dd8,'0.36E2',9(45)>], ["title", "CoffeeScript"], ["updated_at", Fri, 12 Dec 2014 12:32:06 UTC +00:00]]
  [1m[36m (91.8ms)[0m  [1mcommit transaction[0m
  [1m[35m (0.1ms)[0m  begin transaction
  [1m[36mSQL (0.3ms)[0m  [1mINSERT INTO "products" ("created_at", "description", "image_url", "price", "title", "updated_at") VALUES (?, ?, ?, ?, ?, ?)[0m  [["created_at", Fri, 12 Dec 2014 12:32:06 UTC +00:00], ["description", "<p>\n        Ruby is the fastest growing and most exciting dynamic language\n        out there. If you need to get working programs delivered fast,\n        you should add Ruby to your toolbox.\n      </p>"], ["image_url", "ruby.jpg"], ["price", #<BigDecimal:4783350,'0.4995E2',18(45)>], ["title", "Programming Ruby 1.9 & 2.0"], ["updated_at", Fri, 12 Dec 2014 12:32:06 UTC +00:00]]
  [1m[35m (89.6ms)[0m  commit transaction
  [1m[36m (0.1ms)[0m  [1mbegin transaction[0m
  [1m[35mSQL (0.3ms)[0m  INSERT INTO "products" ("created_at", "description", "image_url", "price", "title", "updated_at") VALUES (?, ?, ?, ?, ?, ?)  [["created_at", Fri, 12 Dec 2014 12:32:06 UTC +00:00], ["description", "<p>\n        <em>Rails Test Prescriptions</em> is a comprehensive guide to testing\n        Rails applications, covering Test-Driven Development from both a\n        theoretical perspective (why to test) and from a practical perspective\n        (how to test effectively). It covers the core Rails testing tools and\n        procedures for Rails 2 and Rails 3, and introduces popular add-ons,\n        including Cucumber, Shoulda, Machinist, Mocha, and Rcov.\n      </p>"], ["image_url", "rtp.jpg"], ["price", #<BigDecimal:479fcd0,'0.3495E2',18(45)>], ["title", "Rails Test Prescriptions"], ["updated_at", Fri, 12 Dec 2014 12:32:06 UTC +00:00]]
  [1m[36m (90.1ms)[0m  [1mcommit transaction[0m


Started GET "/products" for 127.0.0.1 at 2014-12-12 23:02:12 +1030
Processing by ProductsController#index as HTML
  [1m[36mProduct Load (0.3ms)[0m  [1mSELECT "products".* FROM "products"[0m
  Rendered products/index.html.erb within layouts/application (83.6ms)
Completed 200 OK in 87ms (Views: 86.0ms | ActiveRecord: 0.8ms)


Started GET "/assets/application.css?body=1" for 127.0.0.1 at 2014-12-12 23:02:12 +1030


Started GET "/assets/scaffolds.css?body=1" for 127.0.0.1 at 2014-12-12 23:02:12 +1030


Started GET "/assets/products.css?body=1" for 127.0.0.1 at 2014-12-12 23:02:12 +1030


Started GET "/assets/jquery.js?body=1" for 127.0.0.1 at 2014-12-12 23:02:12 +1030


Started GET "/assets/jquery_ujs.js?body=1" for 127.0.0.1 at 2014-12-12 23:02:12 +1030


Started GET "/assets/turbolinks.js?body=1" for 127.0.0.1 at 2014-12-12 23:02:12 +1030


Started GET "/assets/products.js?body=1" for 127.0.0.1 at 2014-12-12 23:02:12 +1030


Started GET "/assets/application.js?body=1" for 127.0.0.1 at 2014-12-12 23:02:12 +1030


Started GET "/assets/cs.jpg" for 127.0.0.1 at 2014-12-12 23:02:12 +1030


Started GET "/assets/ruby.jpg" for 127.0.0.1 at 2014-12-12 23:02:12 +1030


Started GET "/assets/rtp.jpg" for 127.0.0.1 at 2014-12-12 23:02:12 +1030
